System         : DXF Translator (x64) Version 16.1.19.1219 2019/12/19
Library        : Version 4.03
From           : C:\msys64\home\y-hayasaki\fan\fan\gbr\fan-Eco2_User.dxf
To             : C:\Users\y-hayasaki.INSIDE\AppData\Local\Temp\ConvFile2
Report         : C:\msys64\home\y-hayasaki\fan\fan\gbr\fan-Eco2_User.dxf.log
------------------------
APPROXIMATE_COLOR : 1
OUTPUT_LOG : 1
SELECT_LOG : 0
------------------------
Measurement : Metric(1)
------------------------
------------------------
------------------------
POINT   : 0
LINE    : 0
ARC     : 22
ELLARC  : 0
CURVE   : 0
SURFACE : 0
TRIMMED : 0
------------------------
0[sec]

